<?xml version="1.0" encoding="UTF-8"?>
<!-- Generated by org.testng.reporters.JUnitReportReporter -->
<testsuite skipped="0" hostname="DESKTOP-EPDUMMG" name="package_project2.TestExe" tests="1" failures="0" timestamp="2020-02-27T12:40:28 CET" time="5.648" errors="0">
  <testcase name="startAppTest" time="5.648" classname="package_project2.TestExe"/>
  <system-out/>
</testsuite> <!-- package_project2.TestExe -->
