<?xml version="1.0" encoding="UTF-8"?>
<!-- Generated by org.testng.reporters.JUnitReportReporter -->
<testsuite skipped="0" hostname="DESKTOP-EPDUMMG" name="package_project2.TestExe" tests="4" failures="0" timestamp="2020-03-16T08:57:18 CET" time="69.379" errors="0">
  <testcase name="startAppTest" time="6.034" classname="package_project2.TestExe"/>
  <system-out/>
  <testcase name="LoginPageTest" time="16.610" classname="package_project2.TestExe"/>
  <system-out/>
  <testcase name="gmailAutomationTest" time="44.968" classname="package_project2.TestExe"/>
  <system-out/>
  <testcase name="loggedInAdmin" time="1.767" classname="package_project2.TestExe"/>
  <system-out/>
</testsuite> <!-- package_project2.TestExe -->
