<?xml version="1.0" encoding="UTF-8"?>
<!-- Generated by org.testng.reporters.JUnitReportReporter -->
<testsuite skipped="0" hostname="DESKTOP-EPDUMMG" name="package_project2.TestExe" tests="2" failures="0" timestamp="2020-03-02T15:08:32 CET" time="21.782" errors="0">
  <testcase name="startAppTest" time="5.749" classname="package_project2.TestExe"/>
  <system-out/>
  <testcase name="LoginPageTest" time="16.033" classname="package_project2.TestExe"/>
  <system-out/>
</testsuite> <!-- package_project2.TestExe -->
